#-----------------------------------------------------------
# Vivado v2016.4 (64-bit)
# SW Build 1756540 on Mon Jan 23 19:11:23 MST 2017
# IP Build 1755317 on Mon Jan 23 20:30:07 MST 2017
# Start of session at: Tue Jun 27 02:45:54 2017
# Process ID: 948
# Current directory: C:/Users/Adrianne/Desktop/Documentos/UnB-arquivos/TED/ADRIANNE ALVES DA SILVA - 160047595/seg7
# Command line: vivado.exe -gui_launcher_event rodinguilauncherevent6192 C:\Users\Adrianne\Desktop\Documentos\UnB-arquivos\TED\ADRIANNE ALVES DA SILVA - 160047595\seg7\seg7.xpr
# Log file: C:/Users/Adrianne/Desktop/Documentos/UnB-arquivos/TED/ADRIANNE ALVES DA SILVA - 160047595/seg7/vivado.log
# Journal file: C:/Users/Adrianne/Desktop/Documentos/UnB-arquivos/TED/ADRIANNE ALVES DA SILVA - 160047595/seg7\vivado.jou
#-----------------------------------------------------------
start_gui
open_project {C:/Users/Adrianne/Desktop/Documentos/UnB-arquivos/TED/ADRIANNE ALVES DA SILVA - 160047595/seg7/seg7.xpr}
INFO: [ProjectBase 1-489] The host OS only allows 260 characters in a normal path. The project is stored in a path with more than 80 characters. If you experience issues with IP, Block Designs, or files not being found, please consider moving the project to a location with a shorter path. Alternately consider using the OS subst command to map part of the path to a drive letter.
Current project path is 'C:/Users/Adrianne/Desktop/Documentos/UnB-arquivos/TED/ADRIANNE ALVES DA SILVA - 160047595/seg7'
INFO: [Project 1-313] Project file moved from 'C:/Users/Adrianne/Desktop/ADRIANNE ALVES DA SILVA - 160047595/seg7' since last save.
Scanning sources...
Finished scanning sources
INFO: [IP_Flow 19-234] Refreshing IP repositories
INFO: [IP_Flow 19-1704] No user IP repositories specified
INFO: [IP_Flow 19-2313] Loaded Vivado IP repository 'D:/Vivado/2016.4/data/ip'.
open_project: Time (s): cpu = 00:00:12 ; elapsed = 00:00:06 . Memory (MB): peak = 767.000 ; gain = 117.953
exit
INFO: [Common 17-206] Exiting Vivado at Tue Jun 27 03:17:01 2017...
