#-----------------------------------------------------------
# Vivado v2016.4 (64-bit)
# SW Build 1756540 on Mon Jan 23 19:11:23 MST 2017
# IP Build 1755317 on Mon Jan 23 20:30:07 MST 2017
# Start of session at: Wed May 24 20:42:55 2017
# Process ID: 5372
# Current directory: C:/Users/Adrianne/Desktop/ADRIANNE ALVES DA SILVA - 160047595/seg7
# Command line: vivado.exe -gui_launcher_event rodinguilauncherevent5532 C:\Users\Adrianne\Desktop\ADRIANNE ALVES DA SILVA - 160047595\seg7\seg7.xpr
# Log file: C:/Users/Adrianne/Desktop/ADRIANNE ALVES DA SILVA - 160047595/seg7/vivado.log
# Journal file: C:/Users/Adrianne/Desktop/ADRIANNE ALVES DA SILVA - 160047595/seg7\vivado.jou
#-----------------------------------------------------------
start_gui
open_project {C:/Users/Adrianne/Desktop/ADRIANNE ALVES DA SILVA - 160047595/seg7/seg7.xpr}
INFO: [Project 1-313] Project file moved from 'C:/Users/Adrianne/Desktop/TUDO PC MORREU/CURSO_VHDL/seg7' since last save.
WARNING: [Project 1-312] File not found as 'C:/Users/Adrianne/basys3_master.xdc'; using path 'C:/Users/Adrianne/Desktop/basys3_master.xdc' instead.
Scanning sources...
Finished scanning sources
WARNING: [Project 1-312] File not found as 'C:/Users/Adrianne/basys3_master.xdc'; using path 'C:/Users/Adrianne/Desktop/basys3_master.xdc' instead.
WARNING: [Project 1-312] File not found as 'C:/Users/Adrianne/basys3_master.xdc'; using path 'C:/Users/Adrianne/Desktop/basys3_master.xdc' instead.
INFO: [IP_Flow 19-234] Refreshing IP repositories
INFO: [IP_Flow 19-1704] No user IP repositories specified
INFO: [IP_Flow 19-2313] Loaded Vivado IP repository 'D:/Vivado/2016.4/data/ip'.
open_project: Time (s): cpu = 00:00:15 ; elapsed = 00:00:07 . Memory (MB): peak = 807.445 ; gain = 155.957
add_files -fileset constrs_1 -norecurse {{C:/Users/Adrianne/Desktop/ADRIANNE ALVES DA SILVA - 160047595/basys3_master.xdc}}
reset_run synth_1
launch_runs impl_1 -to_step write_bitstream -jobs 2
[Wed May 24 20:44:59 2017] Launched synth_1...
Run output will be captured here: C:/Users/Adrianne/Desktop/ADRIANNE ALVES DA SILVA - 160047595/seg7/seg7.runs/synth_1/runme.log
[Wed May 24 20:44:59 2017] Launched impl_1...
Run output will be captured here: C:/Users/Adrianne/Desktop/ADRIANNE ALVES DA SILVA - 160047595/seg7/seg7.runs/impl_1/runme.log
remove_files  -fileset constrs_1 C:/Users/Adrianne/Desktop/basys3_master.xdc
reset_run synth_1
launch_runs impl_1 -to_step write_bitstream -jobs 2
[Wed May 24 20:45:38 2017] Launched synth_1...
Run output will be captured here: C:/Users/Adrianne/Desktop/ADRIANNE ALVES DA SILVA - 160047595/seg7/seg7.runs/synth_1/runme.log
[Wed May 24 20:45:38 2017] Launched impl_1...
Run output will be captured here: C:/Users/Adrianne/Desktop/ADRIANNE ALVES DA SILVA - 160047595/seg7/seg7.runs/impl_1/runme.log
open_hw
exit
INFO: [Common 17-206] Exiting Vivado at Wed May 24 20:48:27 2017...
